<?xml version="1.0" encoding="UTF-8"?>
<testsuite name="TestSuite" time="0.476" tests="138" errors="0" skipped="133" failures="5">
  <properties>
    <property name="java.runtime.name" value="Java(TM) SE Runtime Environment"/>
    <property name="sun.boot.library.path" value="c:\Program Files\Java\jdk1.8.0_25\jre\bin"/>
    <property name="java.vm.version" value="25.25-b02"/>
    <property name="java.vm.vendor" value="Oracle Corporation"/>
    <property name="java.vendor.url" value="http://java.oracle.com/"/>
    <property name="path.separator" value=";"/>
    <property name="guice.disable.misplaced.annotation.check" value="true"/>
    <property name="java.vm.name" value="Java HotSpot(TM) 64-Bit Server VM"/>
    <property name="file.encoding.pkg" value="sun.io"/>
    <property name="user.script" value=""/>
    <property name="user.country" value="RU"/>
    <property name="sun.java.launcher" value="SUN_STANDARD"/>
    <property name="sun.os.patch.level" value="Service Pack 1"/>
    <property name="java.vm.specification.name" value="Java Virtual Machine Specification"/>
    <property name="user.dir" value="d:\Projects\IB"/>
    <property name="java.runtime.version" value="1.8.0_25-b18"/>
    <property name="java.awt.graphicsenv" value="sun.awt.Win32GraphicsEnvironment"/>
    <property name="java.endorsed.dirs" value="c:\Program Files\Java\jdk1.8.0_25\jre\lib\endorsed"/>
    <property name="os.arch" value="amd64"/>
    <property name="java.io.tmpdir" value="C:\Users\redjko_s\AppData\Local\Temp\"/>
    <property name="line.separator" value="&#10;"/>
    <property name="java.vm.specification.vendor" value="Oracle Corporation"/>
    <property name="user.variant" value=""/>
    <property name="os.name" value="Windows 7"/>
    <property name="classworlds.conf" value="c:\Maven\bin\m2.conf"/>
    <property name="sun.jnu.encoding" value="Cp1251"/>
    <property name="java.library.path" value="c:\Program Files\Java\jdk1.8.0_25\bin;C:\Windows\Sun\Java\bin;C:\Windows\system32;C:\Windows;C:\ProgramData\Oracle\Java\javapath;C:\Program Files (x86)\CollabNet Subversion Client;C:\Oracle\product\11.2.0\client_1\bin;C:\Program Files (x86)\Intel\iCLS Client\;C:\Program Files\Intel\iCLS Client\;C:\Windows\system32;C:\Windows;C:\Windows\System32\Wbem;C:\Windows\System32\WindowsPowerShell\v1.0\;C:\Program Files\Intel\Intel(R) Management Engine Components\DAL;C:\Program Files\Intel\Intel(R) Management Engine Components\IPT;C:\Program Files (x86)\Intel\Intel(R) Management Engine Components\DAL;C:\Program Files (x86)\Intel\Intel(R) Management Engine Components\IPT;c:\Maven\bin;c:\Program Files\Java\jdk1.8.0_25\bin\;C:\Program Files\TortoiseSVN\bin;C:\Program Files (x86)\Skype\Phone\;C:\Program Files (x86)\Avest\AvPCM_nces;c:\Program Files (x86)\apache-jmeter-3.0\bin;C:\Program Files (x86)\Avest\AvPCM;C:\Users\redjko_s\AppData\Local\atom\bin;S:.;."/>
    <property name="java.specification.name" value="Java Platform API Specification"/>
    <property name="java.class.version" value="52.0"/>
    <property name="sun.management.compiler" value="HotSpot 64-Bit Tiered Compilers"/>
    <property name="os.version" value="6.1"/>
    <property name="user.home" value="C:\Users\redjko_s"/>
    <property name="user.timezone" value="America/Bahia"/>
    <property name="java.awt.printerjob" value="sun.awt.windows.WPrinterJob"/>
    <property name="java.specification.version" value="1.8"/>
    <property name="file.encoding" value="Cp1251"/>
    <property name="user.name" value="redjko_s"/>
    <property name="java.class.path" value="c:\Maven\boot\plexus-classworlds-2.5.2.jar"/>
    <property name="java.vm.specification.version" value="1.8"/>
    <property name="sun.arch.data.model" value="64"/>
    <property name="java.home" value="c:\Program Files\Java\jdk1.8.0_25\jre"/>
    <property name="sun.java.command" value="org.codehaus.plexus.classworlds.launcher.Launcher package"/>
    <property name="java.specification.vendor" value="Oracle Corporation"/>
    <property name="user.language" value="ru"/>
    <property name="awt.toolkit" value="sun.awt.windows.WToolkit"/>
    <property name="java.vm.info" value="mixed mode"/>
    <property name="java.version" value="1.8.0_25"/>
    <property name="java.ext.dirs" value="c:\Program Files\Java\jdk1.8.0_25\jre\lib\ext;C:\Windows\Sun\Java\lib\ext"/>
    <property name="sun.boot.class.path" value="c:\Program Files\Java\jdk1.8.0_25\jre\lib\resources.jar;c:\Program Files\Java\jdk1.8.0_25\jre\lib\rt.jar;c:\Program Files\Java\jdk1.8.0_25\jre\lib\sunrsasign.jar;c:\Program Files\Java\jdk1.8.0_25\jre\lib\jsse.jar;c:\Program Files\Java\jdk1.8.0_25\jre\lib\jce.jar;c:\Program Files\Java\jdk1.8.0_25\jre\lib\charsets.jar;c:\Program Files\Java\jdk1.8.0_25\jre\lib\jfr.jar;c:\Program Files\Java\jdk1.8.0_25\jre\classes"/>
    <property name="sun.stderr.encoding" value="cp866"/>
    <property name="java.vendor" value="Oracle Corporation"/>
    <property name="maven.home" value="c:\Maven"/>
    <property name="file.separator" value="\"/>
    <property name="java.vendor.url.bug" value="http://bugreport.sun.com/bugreport/"/>
    <property name="sun.cpu.endian" value="little"/>
    <property name="sun.io.unicode.encoding" value="UnicodeLittle"/>
    <property name="sun.stdout.encoding" value="cp866"/>
    <property name="sun.desktop" value="windows"/>
    <property name="sun.cpu.isalist" value="amd64"/>
  </properties>
  <testcase name="openPage" classname="com.autotesting.framework.suits.IBLoginPageTest" time="0.419">
    <failure type="java.lang.NullPointerException:">java.lang.NullPointerException: null
	at com.autotesting.framework.screens.IBBaseScreen.openLoginPageScreen(IBBaseScreen.java:27)
	at com.autotesting.framework.suits.IBLoginPageTest.openPage(IBLoginPageTest.java:15)
</failure>
  </testcase>
  <testcase name="openPage" classname="com.autotesting.framework.suits.IBLoginPageTest" time="0">
    <skipped/>
  </testcase>
  <testcase name="openPage" classname="com.autotesting.framework.suits.IBLoginPageTest" time="0">
    <skipped/>
  </testcase>
  <testcase name="openPage" classname="com.autotesting.framework.suits.IBLoginPageTest" time="0">
    <skipped/>
  </testcase>
  <testcase name="openPage" classname="com.autotesting.framework.suits.IBLoginPageTest" time="0">
    <skipped/>
  </testcase>
  <testcase name="openPage" classname="com.autotesting.framework.suits.IBLoginPageTest" time="0">
    <skipped/>
  </testcase>
  <testcase name="openPage" classname="com.autotesting.framework.suits.IBLoginPageTest" time="0">
    <skipped/>
  </testcase>
  <testcase name="openPage" classname="com.autotesting.framework.suits.IBLoginPageTest" time="0">
    <skipped/>
  </testcase>
  <testcase name="openPage" classname="com.autotesting.framework.suits.IBLoginPageTest" time="0">
    <skipped/>
  </testcase>
  <testcase name="openPage" classname="com.autotesting.framework.suits.IBLoginPageTest" time="0">
    <skipped/>
  </testcase>
  <testcase name="openPage" classname="com.autotesting.framework.suits.IBLoginPageTest" time="0">
    <skipped/>
  </testcase>
  <testcase name="openPage" classname="com.autotesting.framework.suits.IBLoginPageTest" time="0">
    <skipped/>
  </testcase>
  <testcase name="authorizationTest" classname="com.autotesting.framework.suits.IBLoginPageTest" time="0">
    <skipped/>
  </testcase>
  <testcase name="closeBrowser" classname="com.autotesting.framework.suits.IBLoginPageTest" time="0">
    <skipped/>
  </testcase>
  <testcase name="closeBrowser" classname="com.autotesting.framework.suits.IBLoginPageTest" time="0">
    <skipped/>
  </testcase>
  <testcase name="closeBrowser" classname="com.autotesting.framework.suits.IBLoginPageTest" time="0">
    <skipped/>
  </testcase>
  <testcase name="closeBrowser" classname="com.autotesting.framework.suits.IBLoginPageTest" time="0">
    <skipped/>
  </testcase>
  <testcase name="closeBrowser" classname="com.autotesting.framework.suits.IBLoginPageTest" time="0">
    <skipped/>
  </testcase>
  <testcase name="closeBrowser" classname="com.autotesting.framework.suits.IBLoginPageTest" time="0">
    <skipped/>
  </testcase>
  <testcase name="closeBrowser" classname="com.autotesting.framework.suits.IBLoginPageTest" time="0">
    <skipped/>
  </testcase>
  <testcase name="closeBrowser" classname="com.autotesting.framework.suits.IBLoginPageTest" time="0">
    <skipped/>
  </testcase>
  <testcase name="closeBrowser" classname="com.autotesting.framework.suits.IBLoginPageTest" time="0">
    <skipped/>
  </testcase>
  <testcase name="closeBrowser" classname="com.autotesting.framework.suits.IBLoginPageTest" time="0">
    <skipped/>
  </testcase>
  <testcase name="closeBrowser" classname="com.autotesting.framework.suits.IBLoginPageTest" time="0">
    <skipped/>
  </testcase>
  <testcase name="closeBrowser" classname="com.autotesting.framework.suits.IBLoginPageTest" time="0">
    <skipped/>
  </testcase>
  <testcase name="checkInformationMessageTest" classname="com.autotesting.framework.suits.IBLoginPageTest" time="0">
    <skipped/>
  </testcase>
  <testcase name="checkAuthorizationWithUncorrectLoginTest" classname="com.autotesting.framework.suits.IBLoginPageTest" time="0">
    <skipped/>
  </testcase>
  <testcase name="checkAuthorizationWithUncorrectPasswordTest" classname="com.autotesting.framework.suits.IBLoginPageTest" time="0">
    <skipped/>
  </testcase>
  <testcase name="checkAuthorizationWithoutPasswordTest" classname="com.autotesting.framework.suits.IBLoginPageTest" time="0">
    <skipped/>
  </testcase>
  <testcase name="checkAuthorizationWithoutLoginTest" classname="com.autotesting.framework.suits.IBLoginPageTest" time="0">
    <skipped/>
  </testcase>
  <testcase name="checkAuthorizationWithShortPasswordTest" classname="com.autotesting.framework.suits.IBLoginPageTest" time="0">
    <skipped/>
  </testcase>
  <testcase name="checkAuthorizationWithBlockedLoginTest" classname="com.autotesting.framework.suits.IBLoginPageTest" time="0">
    <skipped/>
  </testcase>
  <testcase name="checkAuthorizationWithoutSessionKeyTest" classname="com.autotesting.framework.suits.IBLoginPageTest" time="0">
    <skipped/>
  </testcase>
  <testcase name="checkAuthorizationWithUncorrectSessionKeyTest" classname="com.autotesting.framework.suits.IBLoginPageTest" time="0">
    <skipped/>
  </testcase>
  <testcase name="checkAuthorizationWithCaptchaTest" classname="com.autotesting.framework.suits.IBLoginPageTest" time="0">
    <skipped/>
  </testcase>
  <testcase name="checkMessageIsDisplayedAfterTheWrongInputCaptcha" classname="com.autotesting.framework.suits.IBLoginPageTest" time="0">
    <skipped/>
  </testcase>
  <testcase name="openPage" classname="com.autotesting.framework.suits.IBRegistrationTest" time="0.016">
    <failure type="java.lang.NullPointerException:">java.lang.NullPointerException: null
	at com.autotesting.framework.screens.IBBaseScreen.openLoginPageScreen(IBBaseScreen.java:27)
	at com.autotesting.framework.suits.IBRegistrationTest.openPage(IBRegistrationTest.java:18)
</failure>
  </testcase>
  <testcase name="openPage" classname="com.autotesting.framework.suits.IBRegistrationTest" time="0">
    <skipped/>
  </testcase>
  <testcase name="openPage" classname="com.autotesting.framework.suits.IBRegistrationTest" time="0">
    <skipped/>
  </testcase>
  <testcase name="openPage" classname="com.autotesting.framework.suits.IBRegistrationTest" time="0">
    <skipped/>
  </testcase>
  <testcase name="openPage" classname="com.autotesting.framework.suits.IBRegistrationTest" time="0">
    <skipped/>
  </testcase>
  <testcase name="openPage" classname="com.autotesting.framework.suits.IBRegistrationTest" time="0">
    <skipped/>
  </testcase>
  <testcase name="openPage" classname="com.autotesting.framework.suits.IBRegistrationTest" time="0">
    <skipped/>
  </testcase>
  <testcase name="openPage" classname="com.autotesting.framework.suits.IBRegistrationTest" time="0">
    <skipped/>
  </testcase>
  <testcase name="clickOnTheLinkDisagreeOnFirstStepOfRegistrationTest" classname="com.autotesting.framework.suits.IBRegistrationTest" time="0">
    <skipped/>
  </testcase>
  <testcase name="closeBrowser" classname="com.autotesting.framework.suits.IBRegistrationTest" time="0">
    <skipped/>
  </testcase>
  <testcase name="closeBrowser" classname="com.autotesting.framework.suits.IBRegistrationTest" time="0">
    <skipped/>
  </testcase>
  <testcase name="closeBrowser" classname="com.autotesting.framework.suits.IBRegistrationTest" time="0">
    <skipped/>
  </testcase>
  <testcase name="closeBrowser" classname="com.autotesting.framework.suits.IBRegistrationTest" time="0">
    <skipped/>
  </testcase>
  <testcase name="closeBrowser" classname="com.autotesting.framework.suits.IBRegistrationTest" time="0">
    <skipped/>
  </testcase>
  <testcase name="closeBrowser" classname="com.autotesting.framework.suits.IBRegistrationTest" time="0">
    <skipped/>
  </testcase>
  <testcase name="closeBrowser" classname="com.autotesting.framework.suits.IBRegistrationTest" time="0">
    <skipped/>
  </testcase>
  <testcase name="closeBrowser" classname="com.autotesting.framework.suits.IBRegistrationTest" time="0">
    <skipped/>
  </testcase>
  <testcase name="clickOnTheInputAgreeOnFirstStepOfRegistrationTest" classname="com.autotesting.framework.suits.IBRegistrationTest" time="0">
    <skipped/>
  </testcase>
  <testcase name="clickOnTheLinkReturnOnSecondStepOfRegistrationTest" classname="com.autotesting.framework.suits.IBRegistrationTest" time="0">
    <skipped/>
  </testcase>
  <testcase name="clickOnTheInputForMovingToTheThirdStepOfRegistrationTest" classname="com.autotesting.framework.suits.IBRegistrationTest" time="0">
    <skipped/>
  </testcase>
  <testcase name="clickOnTheLinkReturnOnThirdStepOfRegistrationTest" classname="com.autotesting.framework.suits.IBRegistrationTest" time="0">
    <skipped/>
  </testcase>
  <testcase name="clickOnTheInputLoginOnThirdStepOfRegistrationTest" classname="com.autotesting.framework.suits.IBRegistrationTest" time="0">
    <skipped/>
  </testcase>
  <testcase name="clickOnTheInputRegistrationOnTheThirdStepOfRegistrationTest" classname="com.autotesting.framework.suits.IBRegistrationTest" time="0">
    <skipped/>
  </testcase>
  <testcase name="clickOnTheInputContinueOnTheFourStepOfRegistrationTest" classname="com.autotesting.framework.suits.IBRegistrationTest" time="0">
    <skipped/>
  </testcase>
  <testcase name="authorization" classname="com.autotesting.framework.suits.IBPaymentsTest" time="0.015">
    <failure type="java.lang.NullPointerException:">java.lang.NullPointerException: null
	at com.autotesting.framework.screens.IBBaseScreen.openLoginPageScreen(IBBaseScreen.java:27)
	at com.autotesting.framework.suits.IBPaymentsTest.authorization(IBPaymentsTest.java:14)
</failure>
  </testcase>
  <testcase name="authorization" classname="com.autotesting.framework.suits.IBPaymentsTest" time="0">
    <skipped/>
  </testcase>
  <testcase name="authorization" classname="com.autotesting.framework.suits.IBPaymentsTest" time="0">
    <skipped/>
  </testcase>
  <testcase name="authorization" classname="com.autotesting.framework.suits.IBPaymentsTest" time="0">
    <skipped/>
  </testcase>
  <testcase name="authorization" classname="com.autotesting.framework.suits.IBPaymentsTest" time="0">
    <skipped/>
  </testcase>
  <testcase name="authorization" classname="com.autotesting.framework.suits.IBPaymentsTest" time="0">
    <skipped/>
  </testcase>
  <testcase name="authorization" classname="com.autotesting.framework.suits.IBPaymentsTest" time="0">
    <skipped/>
  </testcase>
  <testcase name="authorization" classname="com.autotesting.framework.suits.IBPaymentsTest" time="0">
    <skipped/>
  </testcase>
  <testcase name="checkOtherPaymentTest" classname="com.autotesting.framework.suits.IBPaymentsTest" time="0">
    <skipped/>
  </testcase>
  <testcase name="closeBrowser" classname="com.autotesting.framework.suits.IBPaymentsTest" time="0">
    <skipped/>
  </testcase>
  <testcase name="closeBrowser" classname="com.autotesting.framework.suits.IBPaymentsTest" time="0">
    <skipped/>
  </testcase>
  <testcase name="closeBrowser" classname="com.autotesting.framework.suits.IBPaymentsTest" time="0">
    <skipped/>
  </testcase>
  <testcase name="closeBrowser" classname="com.autotesting.framework.suits.IBPaymentsTest" time="0">
    <skipped/>
  </testcase>
  <testcase name="closeBrowser" classname="com.autotesting.framework.suits.IBPaymentsTest" time="0">
    <skipped/>
  </testcase>
  <testcase name="closeBrowser" classname="com.autotesting.framework.suits.IBPaymentsTest" time="0">
    <skipped/>
  </testcase>
  <testcase name="closeBrowser" classname="com.autotesting.framework.suits.IBPaymentsTest" time="0">
    <skipped/>
  </testcase>
  <testcase name="closeBrowser" classname="com.autotesting.framework.suits.IBPaymentsTest" time="0">
    <skipped/>
  </testcase>
  <testcase name="checkERIPPayment" classname="com.autotesting.framework.suits.IBPaymentsTest" time="0">
    <skipped/>
  </testcase>
  <testcase name="checkContractPayment" classname="com.autotesting.framework.suits.IBPaymentsTest" time="0">
    <skipped/>
  </testcase>
  <testcase name="checkCharityPayment" classname="com.autotesting.framework.suits.IBPaymentsTest" time="0">
    <skipped/>
  </testcase>
  <testcase name="checkIdentifierERIPPayment" classname="com.autotesting.framework.suits.IBPaymentsTest" time="0">
    <skipped/>
  </testcase>
  <testcase name="checkPaymentFromTableMyPayments" classname="com.autotesting.framework.suits.IBPaymentsTest" time="0">
    <skipped/>
  </testcase>
  <testcase name="checkCartPayments" classname="com.autotesting.framework.suits.IBPaymentsTest" time="0">
    <skipped/>
  </testcase>
  <testcase name="checkReceiveCheck" classname="com.autotesting.framework.suits.IBPaymentsTest" time="0">
    <skipped/>
  </testcase>
  <testcase name="authorization" classname="com.autotesting.framework.suits.IBCardsTest" time="0.014">
    <failure type="java.lang.NullPointerException:">java.lang.NullPointerException: null
	at com.autotesting.framework.screens.IBBaseScreen.openLoginPageScreen(IBBaseScreen.java:27)
	at com.autotesting.framework.suits.IBCardsTest.authorization(IBCardsTest.java:14)
</failure>
  </testcase>
  <testcase name="authorization" classname="com.autotesting.framework.suits.IBCardsTest" time="0">
    <skipped/>
  </testcase>
  <testcase name="authorization" classname="com.autotesting.framework.suits.IBCardsTest" time="0">
    <skipped/>
  </testcase>
  <testcase name="authorization" classname="com.autotesting.framework.suits.IBCardsTest" time="0">
    <skipped/>
  </testcase>
  <testcase name="authorization" classname="com.autotesting.framework.suits.IBCardsTest" time="0">
    <skipped/>
  </testcase>
  <testcase name="authorization" classname="com.autotesting.framework.suits.IBCardsTest" time="0">
    <skipped/>
  </testcase>
  <testcase name="checkTransferCardToCard" classname="com.autotesting.framework.suits.IBCardsTest" time="0">
    <skipped/>
  </testcase>
  <testcase name="closeBrowser" classname="com.autotesting.framework.suits.IBCardsTest" time="0">
    <skipped/>
  </testcase>
  <testcase name="closeBrowser" classname="com.autotesting.framework.suits.IBCardsTest" time="0">
    <skipped/>
  </testcase>
  <testcase name="closeBrowser" classname="com.autotesting.framework.suits.IBCardsTest" time="0">
    <skipped/>
  </testcase>
  <testcase name="closeBrowser" classname="com.autotesting.framework.suits.IBCardsTest" time="0">
    <skipped/>
  </testcase>
  <testcase name="closeBrowser" classname="com.autotesting.framework.suits.IBCardsTest" time="0">
    <skipped/>
  </testcase>
  <testcase name="closeBrowser" classname="com.autotesting.framework.suits.IBCardsTest" time="0">
    <skipped/>
  </testcase>
  <testcase name="checkTransferCardToAccount" classname="com.autotesting.framework.suits.IBCardsTest" time="0">
    <skipped/>
  </testcase>
  <testcase name="checkUpdateListCard" classname="com.autotesting.framework.suits.IBCardsTest" time="0">
    <skipped/>
  </testcase>
  <testcase name="checkOnTheCard" classname="com.autotesting.framework.suits.IBCardsTest" time="0">
    <skipped/>
  </testcase>
  <testcase name="checkRequestOnTheCard" classname="com.autotesting.framework.suits.IBCardsTest" time="0">
    <skipped/>
  </testcase>
  <testcase name="checkRenameCard" classname="com.autotesting.framework.suits.IBCardsTest" time="0">
    <skipped/>
  </testcase>
  <testcase name="authorization" classname="com.autotesting.framework.suits.IBTransferTest" time="0.012">
    <failure type="java.lang.NullPointerException:">java.lang.NullPointerException: null
	at com.autotesting.framework.screens.IBBaseScreen.openLoginPageScreen(IBBaseScreen.java:27)
	at com.autotesting.framework.suits.IBTransferTest.authorization(IBTransferTest.java:14)
</failure>
  </testcase>
  <testcase name="authorization" classname="com.autotesting.framework.suits.IBTransferTest" time="0">
    <skipped/>
  </testcase>
  <testcase name="authorization" classname="com.autotesting.framework.suits.IBTransferTest" time="0">
    <skipped/>
  </testcase>
  <testcase name="authorization" classname="com.autotesting.framework.suits.IBTransferTest" time="0">
    <skipped/>
  </testcase>
  <testcase name="authorization" classname="com.autotesting.framework.suits.IBTransferTest" time="0">
    <skipped/>
  </testcase>
  <testcase name="authorization" classname="com.autotesting.framework.suits.IBTransferTest" time="0">
    <skipped/>
  </testcase>
  <testcase name="authorization" classname="com.autotesting.framework.suits.IBTransferTest" time="0">
    <skipped/>
  </testcase>
  <testcase name="authorization" classname="com.autotesting.framework.suits.IBTransferTest" time="0">
    <skipped/>
  </testcase>
  <testcase name="authorization" classname="com.autotesting.framework.suits.IBTransferTest" time="0">
    <skipped/>
  </testcase>
  <testcase name="authorization" classname="com.autotesting.framework.suits.IBTransferTest" time="0">
    <skipped/>
  </testcase>
  <testcase name="authorization" classname="com.autotesting.framework.suits.IBTransferTest" time="0">
    <skipped/>
  </testcase>
  <testcase name="authorization" classname="com.autotesting.framework.suits.IBTransferTest" time="0">
    <skipped/>
  </testcase>
  <testcase name="checkEditTransferCardToCard" classname="com.autotesting.framework.suits.IBTransferTest" time="0">
    <skipped/>
  </testcase>
  <testcase name="closeBrowser" classname="com.autotesting.framework.suits.IBTransferTest" time="0">
    <skipped/>
  </testcase>
  <testcase name="closeBrowser" classname="com.autotesting.framework.suits.IBTransferTest" time="0">
    <skipped/>
  </testcase>
  <testcase name="closeBrowser" classname="com.autotesting.framework.suits.IBTransferTest" time="0">
    <skipped/>
  </testcase>
  <testcase name="closeBrowser" classname="com.autotesting.framework.suits.IBTransferTest" time="0">
    <skipped/>
  </testcase>
  <testcase name="closeBrowser" classname="com.autotesting.framework.suits.IBTransferTest" time="0">
    <skipped/>
  </testcase>
  <testcase name="closeBrowser" classname="com.autotesting.framework.suits.IBTransferTest" time="0">
    <skipped/>
  </testcase>
  <testcase name="closeBrowser" classname="com.autotesting.framework.suits.IBTransferTest" time="0">
    <skipped/>
  </testcase>
  <testcase name="closeBrowser" classname="com.autotesting.framework.suits.IBTransferTest" time="0">
    <skipped/>
  </testcase>
  <testcase name="closeBrowser" classname="com.autotesting.framework.suits.IBTransferTest" time="0">
    <skipped/>
  </testcase>
  <testcase name="closeBrowser" classname="com.autotesting.framework.suits.IBTransferTest" time="0">
    <skipped/>
  </testcase>
  <testcase name="closeBrowser" classname="com.autotesting.framework.suits.IBTransferTest" time="0">
    <skipped/>
  </testcase>
  <testcase name="closeBrowser" classname="com.autotesting.framework.suits.IBTransferTest" time="0">
    <skipped/>
  </testcase>
  <testcase name="checkEditTransferCardToAccount" classname="com.autotesting.framework.suits.IBTransferTest" time="0">
    <skipped/>
  </testcase>
  <testcase name="checkEditTransferAccountToCard" classname="com.autotesting.framework.suits.IBTransferTest" time="0">
    <skipped/>
  </testcase>
  <testcase name="checkTransferCardToCard" classname="com.autotesting.framework.suits.IBTransferTest" time="0">
    <skipped/>
  </testcase>
  <testcase name="checkTransferCardToAccount" classname="com.autotesting.framework.suits.IBTransferTest" time="0">
    <skipped/>
  </testcase>
  <testcase name="checkTransferAccountToCard" classname="com.autotesting.framework.suits.IBTransferTest" time="0">
    <skipped/>
  </testcase>
  <testcase name="checkShowListTransfersCardToCard" classname="com.autotesting.framework.suits.IBTransferTest" time="0">
    <skipped/>
  </testcase>
  <testcase name="checkShowListTransfersCardToAccount" classname="com.autotesting.framework.suits.IBTransferTest" time="0">
    <skipped/>
  </testcase>
  <testcase name="checkShowListTransfersAccountToCard" classname="com.autotesting.framework.suits.IBTransferTest" time="0">
    <skipped/>
  </testcase>
  <testcase name="SearchTransferCardToCard" classname="com.autotesting.framework.suits.IBTransferTest" time="0">
    <skipped/>
  </testcase>
  <testcase name="SearchTransferCardToAccount" classname="com.autotesting.framework.suits.IBTransferTest" time="0">
    <skipped/>
  </testcase>
  <testcase name="SearchTransferAccountToCard" classname="com.autotesting.framework.suits.IBTransferTest" time="0">
    <skipped/>
  </testcase>
</testsuite>