<?xml version="1.0" encoding="UTF-8"?>
<testsuite name="TestSuite" time="0.476" tests="138" errors="0" skipped="133" failures="5">
  <properties>
[...]
</properties>
  <testcase name="openPage" classname="com.autotesting.framework.suits.IBLoginPageTest" time="0.419">
    <failure type="java.lang.NullPointerException:">java.lang.NullPointerException: null
	at com.autotesting.framework.screens.IBBaseScreen.openLoginPageScreen(IBBaseScreen.java:27)
	at com.autotesting.framework.suits.IBLoginPageTest.openPage(IBLoginPageTest.java:15)
</failure>
  </testcase>
  <testcase name="openPage" classname="com.autotesting.framework.suits.IBLoginPageTest" time="0">
    <skipped/>
  </testcase>
  <testcase name="openPage" classname="com.autotesting.framework.suits.IBLoginPageTest" time="0">
    <skipped/>
  </testcase>
  <testcase name="openPage" classname="com.autotesting.framework.suits.IBLoginPageTest" time="0">
    <skipped/>
  </testcase>
  <testcase name="openPage" classname="com.autotesting.framework.suits.IBLoginPageTest" time="0">
    <skipped/>
  </testcase>
  <testcase name="openPage" classname="com.autotesting.framework.suits.IBLoginPageTest" time="0">
    <skipped/>
  </testcase>
  <testcase name="openPage" classname="com.autotesting.framework.suits.IBLoginPageTest" time="0">
    <skipped/>
  </testcase>
  <testcase name="openPage" classname="com.autotesting.framework.suits.IBLoginPageTest" time="0">
    <skipped/>
  </testcase>
  <testcase name="openPage" classname="com.autotesting.framework.suits.IBLoginPageTest" time="0">
    <skipped/>
  </testcase>
  <testcase name="openPage" classname="com.autotesting.framework.suits.IBLoginPageTest" time="0">
    <skipped/>
  </testcase>
  <testcase name="openPage" classname="com.autotesting.framework.suits.IBLoginPageTest" time="0">
    <skipped/>
  </testcase>
  <testcase name="openPage" classname="com.autotesting.framework.suits.IBLoginPageTest" time="0">
    <skipped/>
  </testcase>
  <testcase name="authorizationTest" classname="com.autotesting.framework.suits.IBLoginPageTest" time="0">
    <skipped/>
  </testcase>
  <testcase name="closeBrowser" classname="com.autotesting.framework.suits.IBLoginPageTest" time="0">
    <skipped/>
  </testcase>
  <testcase name="closeBrowser" classname="com.autotesting.framework.suits.IBLoginPageTest" time="0">
    <skipped/>
  </testcase>
  <testcase name="closeBrowser" classname="com.autotesting.framework.suits.IBLoginPageTest" time="0">
    <skipped/>
  </testcase>
  <testcase name="closeBrowser" classname="com.autotesting.framework.suits.IBLoginPageTest" time="0">
    <skipped/>
  </testcase>
  <testcase name="closeBrowser" classname="com.autotesting.framework.suits.IBLoginPageTest" time="0">
    <skipped/>
  </testcase>
  <testcase name="closeBrowser" classname="com.autotesting.framework.suits.IBLoginPageTest" time="0">
    <skipped/>
  </testcase>
  <testcase name="closeBrowser" classname="com.autotesting.framework.suits.IBLoginPageTest" time="0">
    <skipped/>
  </testcase>
  <testcase name="closeBrowser" classname="com.autotesting.framework.suits.IBLoginPageTest" time="0">
    <skipped/>
  </testcase>
  <testcase name="closeBrowser" classname="com.autotesting.framework.suits.IBLoginPageTest" time="0">
    <skipped/>
  </testcase>
  <testcase name="closeBrowser" classname="com.autotesting.framework.suits.IBLoginPageTest" time="0">
    <skipped/>
  </testcase>
  <testcase name="closeBrowser" classname="com.autotesting.framework.suits.IBLoginPageTest" time="0">
    <skipped/>
  </testcase>
  <testcase name="closeBrowser" classname="com.autotesting.framework.suits.IBLoginPageTest" time="0">
    <skipped/>
  </testcase>
  <testcase name="checkInformationMessageTest" classname="com.autotesting.framework.suits.IBLoginPageTest" time="0">
    <skipped/>
  </testcase>
  <testcase name="checkAuthorizationWithUncorrectLoginTest" classname="com.autotesting.framework.suits.IBLoginPageTest" time="0">
    <skipped/>
  </testcase>
  <testcase name="checkAuthorizationWithUncorrectPasswordTest" classname="com.autotesting.framework.suits.IBLoginPageTest" time="0">
    <skipped/>
  </testcase>
  <testcase name="checkAuthorizationWithoutPasswordTest" classname="com.autotesting.framework.suits.IBLoginPageTest" time="0">
    <skipped/>
  </testcase>
  <testcase name="checkAuthorizationWithoutLoginTest" classname="com.autotesting.framework.suits.IBLoginPageTest" time="0">
    <skipped/>
  </testcase>
  <testcase name="checkAuthorizationWithShortPasswordTest" classname="com.autotesting.framework.suits.IBLoginPageTest" time="0">
    <skipped/>
  </testcase>
  <testcase name="checkAuthorizationWithBlockedLoginTest" classname="com.autotesting.framework.suits.IBLoginPageTest" time="0">
    <skipped/>
  </testcase>
  <testcase name="checkAuthorizationWithoutSessionKeyTest" classname="com.autotesting.framework.suits.IBLoginPageTest" time="0">
    <skipped/>
  </testcase>
  <testcase name="checkAuthorizationWithUncorrectSessionKeyTest" classname="com.autotesting.framework.suits.IBLoginPageTest" time="0">
    <skipped/>
  </testcase>
  <testcase name="checkAuthorizationWithCaptchaTest" classname="com.autotesting.framework.suits.IBLoginPageTest" time="0">
    <skipped/>
  </testcase>
  <testcase name="checkMessageIsDisplayedAfterTheWrongInputCaptcha" classname="com.autotesting.framework.suits.IBLoginPageTest" time="0">
    <skipped/>
  </testcase>
  <testcase name="openPage" classname="com.autotesting.framework.suits.IBRegistrationTest" time="0.016">
    <failure type="java.lang.NullPointerException:">java.lang.NullPointerException: null
	at com.autotesting.framework.screens.IBBaseScreen.openLoginPageScreen(IBBaseScreen.java:27)
	at com.autotesting.framework.suits.IBRegistrationTest.openPage(IBRegistrationTest.java:18)
</failure>
  </testcase>
  <testcase name="openPage" classname="com.autotesting.framework.suits.IBRegistrationTest" time="0">
    <skipped/>
  </testcase>
  <testcase name="openPage" classname="com.autotesting.framework.suits.IBRegistrationTest" time="0">
    <skipped/>
  </testcase>
  <testcase name="openPage" classname="com.autotesting.framework.suits.IBRegistrationTest" time="0">
    <skipped/>
  </testcase>
  <testcase name="openPage" classname="com.autotesting.framework.suits.IBRegistrationTest" time="0">
    <skipped/>
  </testcase>
  <testcase name="openPage" classname="com.autotesting.framework.suits.IBRegistrationTest" time="0">
    <skipped/>
  </testcase>
  <testcase name="openPage" classname="com.autotesting.framework.suits.IBRegistrationTest" time="0">
    <skipped/>
  </testcase>
  <testcase name="openPage" classname="com.autotesting.framework.suits.IBRegistrationTest" time="0">
    <skipped/>
  </testcase>
  <testcase name="clickOnTheLinkDisagreeOnFirstStepOfRegistrationTest" classname="com.autotesting.framework.suits.IBRegistrationTest" time="0">
    <skipped/>
  </testcase>
  <testcase name="closeBrowser" classname="com.autotesting.framework.suits.IBRegistrationTest" time="0">
    <skipped/>
  </testcase>
  <testcase name="closeBrowser" classname="com.autotesting.framework.suits.IBRegistrationTest" time="0">
    <skipped/>
  </testcase>
  <testcase name="closeBrowser" classname="com.autotesting.framework.suits.IBRegistrationTest" time="0">
    <skipped/>
  </testcase>
  <testcase name="closeBrowser" classname="com.autotesting.framework.suits.IBRegistrationTest" time="0">
    <skipped/>
  </testcase>
  <testcase name="closeBrowser" classname="com.autotesting.framework.suits.IBRegistrationTest" time="0">
    <skipped/>
  </testcase>
  <testcase name="closeBrowser" classname="com.autotesting.framework.suits.IBRegistrationTest" time="0">
    <skipped/>
  </testcase>
  <testcase name="closeBrowser" classname="com.autotesting.framework.suits.IBRegistrationTest" time="0">
    <skipped/>
  </testcase>
  <testcase name="closeBrowser" classname="com.autotesting.framework.suits.IBRegistrationTest" time="0">
    <skipped/>
  </testcase>
  <testcase name="clickOnTheInputAgreeOnFirstStepOfRegistrationTest" classname="com.autotesting.framework.suits.IBRegistrationTest" time="0">
    <skipped/>
  </testcase>
  <testcase name="clickOnTheLinkReturnOnSecondStepOfRegistrationTest" classname="com.autotesting.framework.suits.IBRegistrationTest" time="0">
    <skipped/>
  </testcase>
  <testcase name="clickOnTheInputForMovingToTheThirdStepOfRegistrationTest" classname="com.autotesting.framework.suits.IBRegistrationTest" time="0">
    <skipped/>
  </testcase>
  <testcase name="clickOnTheLinkReturnOnThirdStepOfRegistrationTest" classname="com.autotesting.framework.suits.IBRegistrationTest" time="0">
    <skipped/>
  </testcase>
  <testcase name="clickOnTheInputLoginOnThirdStepOfRegistrationTest" classname="com.autotesting.framework.suits.IBRegistrationTest" time="0">
    <skipped/>
  </testcase>
  <testcase name="clickOnTheInputRegistrationOnTheThirdStepOfRegistrationTest" classname="com.autotesting.framework.suits.IBRegistrationTest" time="0">
    <skipped/>
  </testcase>
  <testcase name="clickOnTheInputContinueOnTheFourStepOfRegistrationTest" classname="com.autotesting.framework.suits.IBRegistrationTest" time="0">
    <skipped/>
  </testcase>
  <testcase name="authorization" classname="com.autotesting.framework.suits.IBPaymentsTest" time="0.015">
    <failure type="java.lang.NullPointerException:">java.lang.NullPointerException: null
	at com.autotesting.framework.screens.IBBaseScreen.openLoginPageScreen(IBBaseScreen.java:27)
	at com.autotesting.framework.suits.IBPaymentsTest.authorization(IBPaymentsTest.java:14)
</failure>
  </testcase>
  <testcase name="authorization" classname="com.autotesting.framework.suits.IBPaymentsTest" time="0">
    <skipped/>
  </testcase>
  <testcase name="authorization" classname="com.autotesting.framework.suits.IBPaymentsTest" time="0">
    <skipped/>
  </testcase>
  <testcase name="authorization" classname="com.autotesting.framework.suits.IBPaymentsTest" time="0">
    <skipped/>
  </testcase>
  <testcase name="authorization" classname="com.autotesting.framework.suits.IBPaymentsTest" time="0">
    <skipped/>
  </testcase>
  <testcase name="authorization" classname="com.autotesting.framework.suits.IBPaymentsTest" time="0">
    <skipped/>
  </testcase>
  <testcase name="authorization" classname="com.autotesting.framework.suits.IBPaymentsTest" time="0">
    <skipped/>
  </testcase>
  <testcase name="authorization" classname="com.autotesting.framework.suits.IBPaymentsTest" time="0">
    <skipped/>
  </testcase>
  <testcase name="checkOtherPaymentTest" classname="com.autotesting.framework.suits.IBPaymentsTest" time="0">
    <skipped/>
  </testcase>
  <testcase name="closeBrowser" classname="com.autotesting.framework.suits.IBPaymentsTest" time="0">
    <skipped/>
  </testcase>
  <testcase name="closeBrowser" classname="com.autotesting.framework.suits.IBPaymentsTest" time="0">
    <skipped/>
  </testcase>
  <testcase name="closeBrowser" classname="com.autotesting.framework.suits.IBPaymentsTest" time="0">
    <skipped/>
  </testcase>
  <testcase name="closeBrowser" classname="com.autotesting.framework.suits.IBPaymentsTest" time="0">
    <skipped/>
  </testcase>
  <testcase name="closeBrowser" classname="com.autotesting.framework.suits.IBPaymentsTest" time="0">
    <skipped/>
  </testcase>
  <testcase name="closeBrowser" classname="com.autotesting.framework.suits.IBPaymentsTest" time="0">
    <skipped/>
  </testcase>
  <testcase name="closeBrowser" classname="com.autotesting.framework.suits.IBPaymentsTest" time="0">
    <skipped/>
  </testcase>
  <testcase name="closeBrowser" classname="com.autotesting.framework.suits.IBPaymentsTest" time="0">
    <skipped/>
  </testcase>
  <testcase name="checkERIPPayment" classname="com.autotesting.framework.suits.IBPaymentsTest" time="0">
    <skipped/>
  </testcase>
  <testcase name="checkContractPayment" classname="com.autotesting.framework.suits.IBPaymentsTest" time="0">
    <skipped/>
  </testcase>
  <testcase name="checkCharityPayment" classname="com.autotesting.framework.suits.IBPaymentsTest" time="0">
    <skipped/>
  </testcase>
  <testcase name="checkIdentifierERIPPayment" classname="com.autotesting.framework.suits.IBPaymentsTest" time="0">
    <skipped/>
  </testcase>
  <testcase name="checkPaymentFromTableMyPayments" classname="com.autotesting.framework.suits.IBPaymentsTest" time="0">
    <skipped/>
  </testcase>
  <testcase name="checkCartPayments" classname="com.autotesting.framework.suits.IBPaymentsTest" time="0">
    <skipped/>
  </testcase>
  <testcase name="checkReceiveCheck" classname="com.autotesting.framework.suits.IBPaymentsTest" time="0">
    <skipped/>
  </testcase>
  <testcase name="authorization" classname="com.autotesting.framework.suits.IBCardsTest" time="0.014">
    <failure type="java.lang.NullPointerException:">java.lang.NullPointerException: null
	at com.autotesting.framework.screens.IBBaseScreen.openLoginPageScreen(IBBaseScreen.java:27)
	at com.autotesting.framework.suits.IBCardsTest.authorization(IBCardsTest.java:14)
</failure>
  </testcase>
  <testcase name="authorization" classname="com.autotesting.framework.suits.IBCardsTest" time="0">
    <skipped/>
  </testcase>
  <testcase name="authorization" classname="com.autotesting.framework.suits.IBCardsTest" time="0">
    <skipped/>
  </testcase>
  <testcase name="authorization" classname="com.autotesting.framework.suits.IBCardsTest" time="0">
    <skipped/>
  </testcase>
  <testcase name="authorization" classname="com.autotesting.framework.suits.IBCardsTest" time="0">
    <skipped/>
  </testcase>
  <testcase name="authorization" classname="com.autotesting.framework.suits.IBCardsTest" time="0">
    <skipped/>
  </testcase>
  <testcase name="checkTransferCardToCard" classname="com.autotesting.framework.suits.IBCardsTest" time="0">
    <skipped/>
  </testcase>
  <testcase name="closeBrowser" classname="com.autotesting.framework.suits.IBCardsTest" time="0">
    <skipped/>
  </testcase>
  <testcase name="closeBrowser" classname="com.autotesting.framework.suits.IBCardsTest" time="0">
    <skipped/>
  </testcase>
  <testcase name="closeBrowser" classname="com.autotesting.framework.suits.IBCardsTest" time="0">
    <skipped/>
  </testcase>
  <testcase name="closeBrowser" classname="com.autotesting.framework.suits.IBCardsTest" time="0">
    <skipped/>
  </testcase>
  <testcase name="closeBrowser" classname="com.autotesting.framework.suits.IBCardsTest" time="0">
    <skipped/>
  </testcase>
  <testcase name="closeBrowser" classname="com.autotesting.framework.suits.IBCardsTest" time="0">
    <skipped/>
  </testcase>
  <testcase name="checkTransferCardToAccount" classname="com.autotesting.framework.suits.IBCardsTest" time="0">
    <skipped/>
  </testcase>
  <testcase name="checkUpdateListCard" classname="com.autotesting.framework.suits.IBCardsTest" time="0">
    <skipped/>
  </testcase>
  <testcase name="checkOnTheCard" classname="com.autotesting.framework.suits.IBCardsTest" time="0">
    <skipped/>
  </testcase>
  <testcase name="checkRequestOnTheCard" classname="com.autotesting.framework.suits.IBCardsTest" time="0">
    <skipped/>
  </testcase>
  <testcase name="checkRenameCard" classname="com.autotesting.framework.suits.IBCardsTest" time="0">
    <skipped/>
  </testcase>
  <testcase name="authorization" classname="com.autotesting.framework.suits.IBTransferTest" time="0.012">
    <failure type="java.lang.NullPointerException:">java.lang.NullPointerException: null
	at com.autotesting.framework.screens.IBBaseScreen.openLoginPageScreen(IBBaseScreen.java:27)
	at com.autotesting.framework.suits.IBTransferTest.authorization(IBTransferTest.java:14)
</failure>
  </testcase>
  <testcase name="authorization" classname="com.autotesting.framework.suits.IBTransferTest" time="0">
    <skipped/>
  </testcase>
  <testcase name="authorization" classname="com.autotesting.framework.suits.IBTransferTest" time="0">
    <skipped/>
  </testcase>
  <testcase name="authorization" classname="com.autotesting.framework.suits.IBTransferTest" time="0">
    <skipped/>
  </testcase>
  <testcase name="authorization" classname="com.autotesting.framework.suits.IBTransferTest" time="0">
    <skipped/>
  </testcase>
  <testcase name="authorization" classname="com.autotesting.framework.suits.IBTransferTest" time="0">
    <skipped/>
  </testcase>
  <testcase name="authorization" classname="com.autotesting.framework.suits.IBTransferTest" time="0">
    <skipped/>
  </testcase>
  <testcase name="authorization" classname="com.autotesting.framework.suits.IBTransferTest" time="0">
    <skipped/>
  </testcase>
  <testcase name="authorization" classname="com.autotesting.framework.suits.IBTransferTest" time="0">
    <skipped/>
  </testcase>
  <testcase name="authorization" classname="com.autotesting.framework.suits.IBTransferTest" time="0">
    <skipped/>
  </testcase>
  <testcase name="authorization" classname="com.autotesting.framework.suits.IBTransferTest" time="0">
    <skipped/>
  </testcase>
  <testcase name="authorization" classname="com.autotesting.framework.suits.IBTransferTest" time="0">
    <skipped/>
  </testcase>
  <testcase name="checkEditTransferCardToCard" classname="com.autotesting.framework.suits.IBTransferTest" time="0">
    <skipped/>
  </testcase>
  <testcase name="closeBrowser" classname="com.autotesting.framework.suits.IBTransferTest" time="0">
    <skipped/>
  </testcase>
  <testcase name="closeBrowser" classname="com.autotesting.framework.suits.IBTransferTest" time="0">
    <skipped/>
  </testcase>
  <testcase name="closeBrowser" classname="com.autotesting.framework.suits.IBTransferTest" time="0">
    <skipped/>
  </testcase>
  <testcase name="closeBrowser" classname="com.autotesting.framework.suits.IBTransferTest" time="0">
    <skipped/>
  </testcase>
  <testcase name="closeBrowser" classname="com.autotesting.framework.suits.IBTransferTest" time="0">
    <skipped/>
  </testcase>
  <testcase name="closeBrowser" classname="com.autotesting.framework.suits.IBTransferTest" time="0">
    <skipped/>
  </testcase>
  <testcase name="closeBrowser" classname="com.autotesting.framework.suits.IBTransferTest" time="0">
    <skipped/>
  </testcase>
  <testcase name="closeBrowser" classname="com.autotesting.framework.suits.IBTransferTest" time="0">
    <skipped/>
  </testcase>
  <testcase name="closeBrowser" classname="com.autotesting.framework.suits.IBTransferTest" time="0">
    <skipped/>
  </testcase>
  <testcase name="closeBrowser" classname="com.autotesting.framework.suits.IBTransferTest" time="0">
    <skipped/>
  </testcase>
  <testcase name="closeBrowser" classname="com.autotesting.framework.suits.IBTransferTest" time="0">
    <skipped/>
  </testcase>
  <testcase name="closeBrowser" classname="com.autotesting.framework.suits.IBTransferTest" time="0">
    <skipped/>
  </testcase>
  <testcase name="checkEditTransferCardToAccount" classname="com.autotesting.framework.suits.IBTransferTest" time="0">
    <skipped/>
  </testcase>
  <testcase name="checkEditTransferAccountToCard" classname="com.autotesting.framework.suits.IBTransferTest" time="0">
    <skipped/>
  </testcase>
  <testcase name="checkTransferCardToCard" classname="com.autotesting.framework.suits.IBTransferTest" time="0">
    <skipped/>
  </testcase>
  <testcase name="checkTransferCardToAccount" classname="com.autotesting.framework.suits.IBTransferTest" time="0">
    <skipped/>
  </testcase>
  <testcase name="checkTransferAccountToCard" classname="com.autotesting.framework.suits.IBTransferTest" time="0">
    <skipped/>
  </testcase>
  <testcase name="checkShowListTransfersCardToCard" classname="com.autotesting.framework.suits.IBTransferTest" time="0">
    <skipped/>
  </testcase>
  <testcase name="checkShowListTransfersCardToAccount" classname="com.autotesting.framework.suits.IBTransferTest" time="0">
    <skipped/>
  </testcase>
  <testcase name="checkShowListTransfersAccountToCard" classname="com.autotesting.framework.suits.IBTransferTest" time="0">
    <skipped/>
  </testcase>
  <testcase name="SearchTransferCardToCard" classname="com.autotesting.framework.suits.IBTransferTest" time="0">
    <skipped/>
  </testcase>
  <testcase name="SearchTransferCardToAccount" classname="com.autotesting.framework.suits.IBTransferTest" time="0">
    <skipped/>
  </testcase>
  <testcase name="SearchTransferAccountToCard" classname="com.autotesting.framework.suits.IBTransferTest" time="0">
    <skipped/>
  </testcase>
</testsuite>