<?xml version="1.0" encoding="UTF-8"?>
<!-- Generated by org.testng.reporters.JUnitXMLReporter -->
<testsuite hostname="PC-Redjko" name="Test" tests="46" failures="0" timestamp="8 Dec 2016 07:23:13 GMT" time="0.237" errors="0">
  <testcase name="@BeforeMethod openPage" time="0.0" classname="com.autotesting.framework.suits.IBLoginPageTest">
    <failure type="java.lang.NullPointerException">
      <![CDATA[java.lang.NullPointerException
	at com.autotesting.framework.screens.IBBaseScreen.openLoginPageScreen(IBBaseScreen.java:27)
	at com.autotesting.framework.suits.IBLoginPageTest.openPage(IBLoginPageTest.java:15)
... Removed 29 stack frames]]>
    </failure>
  </testcase> <!-- @BeforeMethod openPage -->
  <testcase name="@AfterMethod closeBrowser" time="0.0" classname="com.autotesting.framework.suits.IBLoginPageTest">
    <skipped/>
  </testcase> <!-- @AfterMethod closeBrowser -->
  <testcase name="@BeforeMethod openPage" time="0.0" classname="com.autotesting.framework.suits.IBLoginPageTest">
    <skipped/>
  </testcase> <!-- @BeforeMethod openPage -->
  <testcase name="@AfterMethod closeBrowser" time="0.0" classname="com.autotesting.framework.suits.IBLoginPageTest">
    <skipped/>
  </testcase> <!-- @AfterMethod closeBrowser -->
  <testcase name="@BeforeMethod openPage" time="0.0" classname="com.autotesting.framework.suits.IBLoginPageTest">
    <skipped/>
  </testcase> <!-- @BeforeMethod openPage -->
  <testcase name="@AfterMethod closeBrowser" time="0.0" classname="com.autotesting.framework.suits.IBLoginPageTest">
    <skipped/>
  </testcase> <!-- @AfterMethod closeBrowser -->
  <testcase name="@BeforeMethod openPage" time="0.0" classname="com.autotesting.framework.suits.IBLoginPageTest">
    <skipped/>
  </testcase> <!-- @BeforeMethod openPage -->
  <testcase name="@AfterMethod closeBrowser" time="0.0" classname="com.autotesting.framework.suits.IBLoginPageTest">
    <skipped/>
  </testcase> <!-- @AfterMethod closeBrowser -->
  <testcase name="@BeforeMethod openPage" time="0.0" classname="com.autotesting.framework.suits.IBLoginPageTest">
    <skipped/>
  </testcase> <!-- @BeforeMethod openPage -->
  <testcase name="@AfterMethod closeBrowser" time="0.0" classname="com.autotesting.framework.suits.IBLoginPageTest">
    <skipped/>
  </testcase> <!-- @AfterMethod closeBrowser -->
  <testcase name="@BeforeMethod openPage" time="0.0" classname="com.autotesting.framework.suits.IBLoginPageTest">
    <skipped/>
  </testcase> <!-- @BeforeMethod openPage -->
  <testcase name="@AfterMethod closeBrowser" time="0.0" classname="com.autotesting.framework.suits.IBLoginPageTest">
    <skipped/>
  </testcase> <!-- @AfterMethod closeBrowser -->
  <testcase name="@BeforeMethod openPage" time="0.0" classname="com.autotesting.framework.suits.IBLoginPageTest">
    <skipped/>
  </testcase> <!-- @BeforeMethod openPage -->
  <testcase name="@AfterMethod closeBrowser" time="0.0" classname="com.autotesting.framework.suits.IBLoginPageTest">
    <skipped/>
  </testcase> <!-- @AfterMethod closeBrowser -->
  <testcase name="@BeforeMethod openPage" time="0.0" classname="com.autotesting.framework.suits.IBLoginPageTest">
    <skipped/>
  </testcase> <!-- @BeforeMethod openPage -->
  <testcase name="@AfterMethod closeBrowser" time="0.0" classname="com.autotesting.framework.suits.IBLoginPageTest">
    <skipped/>
  </testcase> <!-- @AfterMethod closeBrowser -->
  <testcase name="@BeforeMethod openPage" time="0.0" classname="com.autotesting.framework.suits.IBLoginPageTest">
    <skipped/>
  </testcase> <!-- @BeforeMethod openPage -->
  <testcase name="@AfterMethod closeBrowser" time="0.0" classname="com.autotesting.framework.suits.IBLoginPageTest">
    <skipped/>
  </testcase> <!-- @AfterMethod closeBrowser -->
  <testcase name="@BeforeMethod openPage" time="0.0" classname="com.autotesting.framework.suits.IBLoginPageTest">
    <skipped/>
  </testcase> <!-- @BeforeMethod openPage -->
  <testcase name="@AfterMethod closeBrowser" time="0.0" classname="com.autotesting.framework.suits.IBLoginPageTest">
    <skipped/>
  </testcase> <!-- @AfterMethod closeBrowser -->
  <testcase name="@BeforeMethod openPage" time="0.0" classname="com.autotesting.framework.suits.IBLoginPageTest">
    <skipped/>
  </testcase> <!-- @BeforeMethod openPage -->
  <testcase name="@AfterMethod closeBrowser" time="0.0" classname="com.autotesting.framework.suits.IBLoginPageTest">
    <skipped/>
  </testcase> <!-- @AfterMethod closeBrowser -->
  <testcase name="@BeforeMethod openPage" time="0.0" classname="com.autotesting.framework.suits.IBLoginPageTest">
    <skipped/>
  </testcase> <!-- @BeforeMethod openPage -->
  <testcase name="@AfterMethod closeBrowser" time="0.0" classname="com.autotesting.framework.suits.IBLoginPageTest">
    <skipped/>
  </testcase> <!-- @AfterMethod closeBrowser -->
  <testcase name="@BeforeMethod openPage" time="0.0" classname="com.autotesting.framework.suits.IBRegistrationTest">
    <failure type="java.lang.NullPointerException">
      <![CDATA[java.lang.NullPointerException
	at com.autotesting.framework.screens.IBBaseScreen.openLoginPageScreen(IBBaseScreen.java:27)
	at com.autotesting.framework.suits.IBRegistrationTest.openPage(IBRegistrationTest.java:18)
... Removed 29 stack frames]]>
    </failure>
  </testcase> <!-- @BeforeMethod openPage -->
  <testcase name="@AfterMethod closeBrowser" time="0.0" classname="com.autotesting.framework.suits.IBRegistrationTest">
    <skipped/>
  </testcase> <!-- @AfterMethod closeBrowser -->
  <testcase name="@BeforeMethod openPage" time="0.0" classname="com.autotesting.framework.suits.IBRegistrationTest">
    <skipped/>
  </testcase> <!-- @BeforeMethod openPage -->
  <testcase name="@AfterMethod closeBrowser" time="0.0" classname="com.autotesting.framework.suits.IBRegistrationTest">
    <skipped/>
  </testcase> <!-- @AfterMethod closeBrowser -->
  <testcase name="@BeforeMethod openPage" time="0.0" classname="com.autotesting.framework.suits.IBRegistrationTest">
    <skipped/>
  </testcase> <!-- @BeforeMethod openPage -->
  <testcase name="@AfterMethod closeBrowser" time="0.0" classname="com.autotesting.framework.suits.IBRegistrationTest">
    <skipped/>
  </testcase> <!-- @AfterMethod closeBrowser -->
  <testcase name="@BeforeMethod openPage" time="0.0" classname="com.autotesting.framework.suits.IBRegistrationTest">
    <skipped/>
  </testcase> <!-- @BeforeMethod openPage -->
  <testcase name="@AfterMethod closeBrowser" time="0.0" classname="com.autotesting.framework.suits.IBRegistrationTest">
    <skipped/>
  </testcase> <!-- @AfterMethod closeBrowser -->
  <testcase name="@BeforeMethod openPage" time="0.0" classname="com.autotesting.framework.suits.IBRegistrationTest">
    <skipped/>
  </testcase> <!-- @BeforeMethod openPage -->
  <testcase name="@AfterMethod closeBrowser" time="0.0" classname="com.autotesting.framework.suits.IBRegistrationTest">
    <skipped/>
  </testcase> <!-- @AfterMethod closeBrowser -->
  <testcase name="@BeforeMethod openPage" time="0.0" classname="com.autotesting.framework.suits.IBRegistrationTest">
    <skipped/>
  </testcase> <!-- @BeforeMethod openPage -->
  <testcase name="@AfterMethod closeBrowser" time="0.0" classname="com.autotesting.framework.suits.IBRegistrationTest">
    <skipped/>
  </testcase> <!-- @AfterMethod closeBrowser -->
  <testcase name="@BeforeMethod openPage" time="0.0" classname="com.autotesting.framework.suits.IBRegistrationTest">
    <skipped/>
  </testcase> <!-- @BeforeMethod openPage -->
  <testcase name="@AfterMethod closeBrowser" time="0.0" classname="com.autotesting.framework.suits.IBRegistrationTest">
    <skipped/>
  </testcase> <!-- @AfterMethod closeBrowser -->
  <testcase name="@BeforeMethod openPage" time="0.0" classname="com.autotesting.framework.suits.IBRegistrationTest">
    <skipped/>
  </testcase> <!-- @BeforeMethod openPage -->
  <testcase name="@AfterMethod closeBrowser" time="0.0" classname="com.autotesting.framework.suits.IBRegistrationTest">
    <skipped/>
  </testcase> <!-- @AfterMethod closeBrowser -->
  <testcase name="@BeforeMethod authorization" time="0.0" classname="com.autotesting.framework.suits.IBPaymentsTest">
    <failure type="java.lang.NullPointerException">
      <![CDATA[java.lang.NullPointerException
	at com.autotesting.framework.screens.IBBaseScreen.openLoginPageScreen(IBBaseScreen.java:27)
	at com.autotesting.framework.suits.IBPaymentsTest.authorization(IBPaymentsTest.java:14)
... Removed 29 stack frames]]>
    </failure>
  </testcase> <!-- @BeforeMethod authorization -->
  <testcase name="@AfterMethod closeBrowser" time="0.0" classname="com.autotesting.framework.suits.IBPaymentsTest">
    <skipped/>
  </testcase> <!-- @AfterMethod closeBrowser -->
  <testcase name="@BeforeMethod authorization" time="0.0" classname="com.autotesting.framework.suits.IBPaymentsTest">
    <skipped/>
  </testcase> <!-- @BeforeMethod authorization -->
  <testcase name="@AfterMethod closeBrowser" time="0.0" classname="com.autotesting.framework.suits.IBPaymentsTest">
    <skipped/>
  </testcase> <!-- @AfterMethod closeBrowser -->
  <testcase name="@BeforeMethod authorization" time="0.0" classname="com.autotesting.framework.suits.IBPaymentsTest">
    <skipped/>
  </testcase> <!-- @BeforeMethod authorization -->
  <testcase name="@AfterMethod closeBrowser" time="0.0" classname="com.autotesting.framework.suits.IBPaymentsTest">
    <skipped/>
  </testcase> <!-- @AfterMethod closeBrowser -->
  <testcase name="@BeforeMethod authorization" time="0.0" classname="com.autotesting.framework.suits.IBPaymentsTest">
    <skipped/>
  </testcase> <!-- @BeforeMethod authorization -->
  <testcase name="@AfterMethod closeBrowser" time="0.0" classname="com.autotesting.framework.suits.IBPaymentsTest">
    <skipped/>
  </testcase> <!-- @AfterMethod closeBrowser -->
  <testcase name="@BeforeMethod authorization" time="0.0" classname="com.autotesting.framework.suits.IBPaymentsTest">
    <skipped/>
  </testcase> <!-- @BeforeMethod authorization -->
  <testcase name="@AfterMethod closeBrowser" time="0.0" classname="com.autotesting.framework.suits.IBPaymentsTest">
    <skipped/>
  </testcase> <!-- @AfterMethod closeBrowser -->
  <testcase name="@BeforeMethod authorization" time="0.0" classname="com.autotesting.framework.suits.IBPaymentsTest">
    <skipped/>
  </testcase> <!-- @BeforeMethod authorization -->
  <testcase name="@AfterMethod closeBrowser" time="0.0" classname="com.autotesting.framework.suits.IBPaymentsTest">
    <skipped/>
  </testcase> <!-- @AfterMethod closeBrowser -->
  <testcase name="@BeforeMethod authorization" time="0.0" classname="com.autotesting.framework.suits.IBPaymentsTest">
    <skipped/>
  </testcase> <!-- @BeforeMethod authorization -->
  <testcase name="@AfterMethod closeBrowser" time="0.0" classname="com.autotesting.framework.suits.IBPaymentsTest">
    <skipped/>
  </testcase> <!-- @AfterMethod closeBrowser -->
  <testcase name="@BeforeMethod authorization" time="0.0" classname="com.autotesting.framework.suits.IBPaymentsTest">
    <skipped/>
  </testcase> <!-- @BeforeMethod authorization -->
  <testcase name="@AfterMethod closeBrowser" time="0.0" classname="com.autotesting.framework.suits.IBPaymentsTest">
    <skipped/>
  </testcase> <!-- @AfterMethod closeBrowser -->
  <testcase name="@BeforeMethod authorization" time="0.0" classname="com.autotesting.framework.suits.IBCardsTest">
    <failure type="java.lang.NullPointerException">
      <![CDATA[java.lang.NullPointerException
	at com.autotesting.framework.screens.IBBaseScreen.openLoginPageScreen(IBBaseScreen.java:27)
	at com.autotesting.framework.suits.IBCardsTest.authorization(IBCardsTest.java:14)
... Removed 29 stack frames]]>
    </failure>
  </testcase> <!-- @BeforeMethod authorization -->
  <testcase name="@AfterMethod closeBrowser" time="0.0" classname="com.autotesting.framework.suits.IBCardsTest">
    <skipped/>
  </testcase> <!-- @AfterMethod closeBrowser -->
  <testcase name="@BeforeMethod authorization" time="0.0" classname="com.autotesting.framework.suits.IBCardsTest">
    <skipped/>
  </testcase> <!-- @BeforeMethod authorization -->
  <testcase name="@AfterMethod closeBrowser" time="0.0" classname="com.autotesting.framework.suits.IBCardsTest">
    <skipped/>
  </testcase> <!-- @AfterMethod closeBrowser -->
  <testcase name="@BeforeMethod authorization" time="0.0" classname="com.autotesting.framework.suits.IBCardsTest">
    <skipped/>
  </testcase> <!-- @BeforeMethod authorization -->
  <testcase name="@AfterMethod closeBrowser" time="0.0" classname="com.autotesting.framework.suits.IBCardsTest">
    <skipped/>
  </testcase> <!-- @AfterMethod closeBrowser -->
  <testcase name="@BeforeMethod authorization" time="0.0" classname="com.autotesting.framework.suits.IBCardsTest">
    <skipped/>
  </testcase> <!-- @BeforeMethod authorization -->
  <testcase name="@AfterMethod closeBrowser" time="0.0" classname="com.autotesting.framework.suits.IBCardsTest">
    <skipped/>
  </testcase> <!-- @AfterMethod closeBrowser -->
  <testcase name="@BeforeMethod authorization" time="0.0" classname="com.autotesting.framework.suits.IBCardsTest">
    <skipped/>
  </testcase> <!-- @BeforeMethod authorization -->
  <testcase name="@AfterMethod closeBrowser" time="0.0" classname="com.autotesting.framework.suits.IBCardsTest">
    <skipped/>
  </testcase> <!-- @AfterMethod closeBrowser -->
  <testcase name="@BeforeMethod authorization" time="0.0" classname="com.autotesting.framework.suits.IBCardsTest">
    <skipped/>
  </testcase> <!-- @BeforeMethod authorization -->
  <testcase name="@AfterMethod closeBrowser" time="0.0" classname="com.autotesting.framework.suits.IBCardsTest">
    <skipped/>
  </testcase> <!-- @AfterMethod closeBrowser -->
  <testcase name="@BeforeMethod authorization" time="0.0" classname="com.autotesting.framework.suits.IBTransferTest">
    <failure type="java.lang.NullPointerException">
      <![CDATA[java.lang.NullPointerException
	at com.autotesting.framework.screens.IBBaseScreen.openLoginPageScreen(IBBaseScreen.java:27)
	at com.autotesting.framework.suits.IBTransferTest.authorization(IBTransferTest.java:14)
... Removed 29 stack frames]]>
    </failure>
  </testcase> <!-- @BeforeMethod authorization -->
  <testcase name="@AfterMethod closeBrowser" time="0.0" classname="com.autotesting.framework.suits.IBTransferTest">
    <skipped/>
  </testcase> <!-- @AfterMethod closeBrowser -->
  <testcase name="@BeforeMethod authorization" time="0.0" classname="com.autotesting.framework.suits.IBTransferTest">
    <skipped/>
  </testcase> <!-- @BeforeMethod authorization -->
  <testcase name="@AfterMethod closeBrowser" time="0.0" classname="com.autotesting.framework.suits.IBTransferTest">
    <skipped/>
  </testcase> <!-- @AfterMethod closeBrowser -->
  <testcase name="@BeforeMethod authorization" time="0.0" classname="com.autotesting.framework.suits.IBTransferTest">
    <skipped/>
  </testcase> <!-- @BeforeMethod authorization -->
  <testcase name="@AfterMethod closeBrowser" time="0.0" classname="com.autotesting.framework.suits.IBTransferTest">
    <skipped/>
  </testcase> <!-- @AfterMethod closeBrowser -->
  <testcase name="@BeforeMethod authorization" time="0.0" classname="com.autotesting.framework.suits.IBTransferTest">
    <skipped/>
  </testcase> <!-- @BeforeMethod authorization -->
  <testcase name="@AfterMethod closeBrowser" time="0.0" classname="com.autotesting.framework.suits.IBTransferTest">
    <skipped/>
  </testcase> <!-- @AfterMethod closeBrowser -->
  <testcase name="@BeforeMethod authorization" time="0.0" classname="com.autotesting.framework.suits.IBTransferTest">
    <skipped/>
  </testcase> <!-- @BeforeMethod authorization -->
  <testcase name="@AfterMethod closeBrowser" time="0.0" classname="com.autotesting.framework.suits.IBTransferTest">
    <skipped/>
  </testcase> <!-- @AfterMethod closeBrowser -->
  <testcase name="@BeforeMethod authorization" time="0.0" classname="com.autotesting.framework.suits.IBTransferTest">
    <skipped/>
  </testcase> <!-- @BeforeMethod authorization -->
  <testcase name="@AfterMethod closeBrowser" time="0.0" classname="com.autotesting.framework.suits.IBTransferTest">
    <skipped/>
  </testcase> <!-- @AfterMethod closeBrowser -->
  <testcase name="@BeforeMethod authorization" time="0.0" classname="com.autotesting.framework.suits.IBTransferTest">
    <skipped/>
  </testcase> <!-- @BeforeMethod authorization -->
  <testcase name="@AfterMethod closeBrowser" time="0.0" classname="com.autotesting.framework.suits.IBTransferTest">
    <skipped/>
  </testcase> <!-- @AfterMethod closeBrowser -->
  <testcase name="@BeforeMethod authorization" time="0.0" classname="com.autotesting.framework.suits.IBTransferTest">
    <skipped/>
  </testcase> <!-- @BeforeMethod authorization -->
  <testcase name="@AfterMethod closeBrowser" time="0.0" classname="com.autotesting.framework.suits.IBTransferTest">
    <skipped/>
  </testcase> <!-- @AfterMethod closeBrowser -->
  <testcase name="@BeforeMethod authorization" time="0.0" classname="com.autotesting.framework.suits.IBTransferTest">
    <skipped/>
  </testcase> <!-- @BeforeMethod authorization -->
  <testcase name="@AfterMethod closeBrowser" time="0.0" classname="com.autotesting.framework.suits.IBTransferTest">
    <skipped/>
  </testcase> <!-- @AfterMethod closeBrowser -->
  <testcase name="@BeforeMethod authorization" time="0.0" classname="com.autotesting.framework.suits.IBTransferTest">
    <skipped/>
  </testcase> <!-- @BeforeMethod authorization -->
  <testcase name="@AfterMethod closeBrowser" time="0.0" classname="com.autotesting.framework.suits.IBTransferTest">
    <skipped/>
  </testcase> <!-- @AfterMethod closeBrowser -->
  <testcase name="@BeforeMethod authorization" time="0.0" classname="com.autotesting.framework.suits.IBTransferTest">
    <skipped/>
  </testcase> <!-- @BeforeMethod authorization -->
  <testcase name="@AfterMethod closeBrowser" time="0.0" classname="com.autotesting.framework.suits.IBTransferTest">
    <skipped/>
  </testcase> <!-- @AfterMethod closeBrowser -->
  <testcase name="@BeforeMethod authorization" time="0.0" classname="com.autotesting.framework.suits.IBTransferTest">
    <skipped/>
  </testcase> <!-- @BeforeMethod authorization -->
  <testcase name="@AfterMethod closeBrowser" time="0.0" classname="com.autotesting.framework.suits.IBTransferTest">
    <skipped/>
  </testcase> <!-- @AfterMethod closeBrowser -->
  <testcase name="authorizationTest" time="0.001" classname="com.autotesting.framework.suits.IBLoginPageTest">
    <skipped/>
  </testcase> <!-- authorizationTest -->
  <testcase name="checkInformationMessageTest" time="0.0" classname="com.autotesting.framework.suits.IBLoginPageTest">
    <skipped/>
  </testcase> <!-- checkInformationMessageTest -->
  <testcase name="checkAuthorizationWithUncorrectLoginTest" time="0.0" classname="com.autotesting.framework.suits.IBLoginPageTest">
    <skipped/>
  </testcase> <!-- checkAuthorizationWithUncorrectLoginTest -->
  <testcase name="checkAuthorizationWithUncorrectPasswordTest" time="0.0" classname="com.autotesting.framework.suits.IBLoginPageTest">
    <skipped/>
  </testcase> <!-- checkAuthorizationWithUncorrectPasswordTest -->
  <testcase name="checkAuthorizationWithoutPasswordTest" time="0.0" classname="com.autotesting.framework.suits.IBLoginPageTest">
    <skipped/>
  </testcase> <!-- checkAuthorizationWithoutPasswordTest -->
  <testcase name="checkAuthorizationWithoutLoginTest" time="0.0" classname="com.autotesting.framework.suits.IBLoginPageTest">
    <skipped/>
  </testcase> <!-- checkAuthorizationWithoutLoginTest -->
  <testcase name="checkAuthorizationWithShortPasswordTest" time="0.0" classname="com.autotesting.framework.suits.IBLoginPageTest">
    <skipped/>
  </testcase> <!-- checkAuthorizationWithShortPasswordTest -->
  <testcase name="checkAuthorizationWithBlockedLoginTest" time="0.0" classname="com.autotesting.framework.suits.IBLoginPageTest">
    <skipped/>
  </testcase> <!-- checkAuthorizationWithBlockedLoginTest -->
  <testcase name="checkAuthorizationWithoutSessionKeyTest" time="0.0" classname="com.autotesting.framework.suits.IBLoginPageTest">
    <skipped/>
  </testcase> <!-- checkAuthorizationWithoutSessionKeyTest -->
  <testcase name="checkAuthorizationWithUncorrectSessionKeyTest" time="0.0" classname="com.autotesting.framework.suits.IBLoginPageTest">
    <skipped/>
  </testcase> <!-- checkAuthorizationWithUncorrectSessionKeyTest -->
  <testcase name="checkAuthorizationWithCaptchaTest" time="0.0" classname="com.autotesting.framework.suits.IBLoginPageTest">
    <skipped/>
  </testcase> <!-- checkAuthorizationWithCaptchaTest -->
  <testcase name="checkMessageIsDisplayedAfterTheWrongInputCaptcha" time="0.0" classname="com.autotesting.framework.suits.IBLoginPageTest">
    <skipped/>
  </testcase> <!-- checkMessageIsDisplayedAfterTheWrongInputCaptcha -->
  <testcase name="clickOnTheLinkDisagreeOnFirstStepOfRegistrationTest" time="0.0" classname="com.autotesting.framework.suits.IBRegistrationTest">
    <skipped/>
  </testcase> <!-- clickOnTheLinkDisagreeOnFirstStepOfRegistrationTest -->
  <testcase name="clickOnTheInputAgreeOnFirstStepOfRegistrationTest" time="0.0" classname="com.autotesting.framework.suits.IBRegistrationTest">
    <skipped/>
  </testcase> <!-- clickOnTheInputAgreeOnFirstStepOfRegistrationTest -->
  <testcase name="clickOnTheLinkReturnOnSecondStepOfRegistrationTest" time="0.0" classname="com.autotesting.framework.suits.IBRegistrationTest">
    <skipped/>
  </testcase> <!-- clickOnTheLinkReturnOnSecondStepOfRegistrationTest -->
  <testcase name="clickOnTheInputForMovingToTheThirdStepOfRegistrationTest" time="0.0" classname="com.autotesting.framework.suits.IBRegistrationTest">
    <skipped/>
  </testcase> <!-- clickOnTheInputForMovingToTheThirdStepOfRegistrationTest -->
  <testcase name="clickOnTheLinkReturnOnThirdStepOfRegistrationTest" time="0.0" classname="com.autotesting.framework.suits.IBRegistrationTest">
    <skipped/>
  </testcase> <!-- clickOnTheLinkReturnOnThirdStepOfRegistrationTest -->
  <testcase name="clickOnTheInputLoginOnThirdStepOfRegistrationTest" time="0.0" classname="com.autotesting.framework.suits.IBRegistrationTest">
    <skipped/>
  </testcase> <!-- clickOnTheInputLoginOnThirdStepOfRegistrationTest -->
  <testcase name="clickOnTheInputRegistrationOnTheThirdStepOfRegistrationTest" time="0.0" classname="com.autotesting.framework.suits.IBRegistrationTest">
    <skipped/>
  </testcase> <!-- clickOnTheInputRegistrationOnTheThirdStepOfRegistrationTest -->
  <testcase name="clickOnTheInputContinueOnTheFourStepOfRegistrationTest" time="0.0" classname="com.autotesting.framework.suits.IBRegistrationTest">
    <skipped/>
  </testcase> <!-- clickOnTheInputContinueOnTheFourStepOfRegistrationTest -->
  <testcase name="checkOtherPaymentTest" time="0.0" classname="com.autotesting.framework.suits.IBPaymentsTest">
    <skipped/>
  </testcase> <!-- checkOtherPaymentTest -->
  <testcase name="checkERIPPayment" time="0.0" classname="com.autotesting.framework.suits.IBPaymentsTest">
    <skipped/>
  </testcase> <!-- checkERIPPayment -->
  <testcase name="checkContractPayment" time="0.0" classname="com.autotesting.framework.suits.IBPaymentsTest">
    <skipped/>
  </testcase> <!-- checkContractPayment -->
  <testcase name="checkCharityPayment" time="0.0" classname="com.autotesting.framework.suits.IBPaymentsTest">
    <skipped/>
  </testcase> <!-- checkCharityPayment -->
  <testcase name="checkIdentifierERIPPayment" time="0.0" classname="com.autotesting.framework.suits.IBPaymentsTest">
    <skipped/>
  </testcase> <!-- checkIdentifierERIPPayment -->
  <testcase name="checkPaymentFromTableMyPayments" time="0.0" classname="com.autotesting.framework.suits.IBPaymentsTest">
    <skipped/>
  </testcase> <!-- checkPaymentFromTableMyPayments -->
  <testcase name="checkCartPayments" time="0.0" classname="com.autotesting.framework.suits.IBPaymentsTest">
    <skipped/>
  </testcase> <!-- checkCartPayments -->
  <testcase name="checkReceiveCheck" time="0.0" classname="com.autotesting.framework.suits.IBPaymentsTest">
    <skipped/>
  </testcase> <!-- checkReceiveCheck -->
  <testcase name="checkTransferCardToCard" time="0.0" classname="com.autotesting.framework.suits.IBCardsTest">
    <skipped/>
  </testcase> <!-- checkTransferCardToCard -->
  <testcase name="checkTransferCardToAccount" time="0.0" classname="com.autotesting.framework.suits.IBCardsTest">
    <skipped/>
  </testcase> <!-- checkTransferCardToAccount -->
  <testcase name="checkUpdateListCard" time="0.0" classname="com.autotesting.framework.suits.IBCardsTest">
    <skipped/>
  </testcase> <!-- checkUpdateListCard -->
  <testcase name="checkOnTheCard" time="0.0" classname="com.autotesting.framework.suits.IBCardsTest">
    <skipped/>
  </testcase> <!-- checkOnTheCard -->
  <testcase name="checkRequestOnTheCard" time="0.0" classname="com.autotesting.framework.suits.IBCardsTest">
    <skipped/>
  </testcase> <!-- checkRequestOnTheCard -->
  <testcase name="checkRenameCard" time="0.0" classname="com.autotesting.framework.suits.IBCardsTest">
    <skipped/>
  </testcase> <!-- checkRenameCard -->
  <testcase name="checkEditTransferCardToCard" time="0.0" classname="com.autotesting.framework.suits.IBTransferTest">
    <skipped/>
  </testcase> <!-- checkEditTransferCardToCard -->
  <testcase name="checkEditTransferCardToAccount" time="0.0" classname="com.autotesting.framework.suits.IBTransferTest">
    <skipped/>
  </testcase> <!-- checkEditTransferCardToAccount -->
  <testcase name="checkEditTransferAccountToCard" time="0.0" classname="com.autotesting.framework.suits.IBTransferTest">
    <skipped/>
  </testcase> <!-- checkEditTransferAccountToCard -->
  <testcase name="checkTransferCardToCard" time="0.001" classname="com.autotesting.framework.suits.IBTransferTest">
    <skipped/>
  </testcase> <!-- checkTransferCardToCard -->
  <testcase name="checkTransferCardToAccount" time="0.0" classname="com.autotesting.framework.suits.IBTransferTest">
    <skipped/>
  </testcase> <!-- checkTransferCardToAccount -->
  <testcase name="checkTransferAccountToCard" time="0.0" classname="com.autotesting.framework.suits.IBTransferTest">
    <skipped/>
  </testcase> <!-- checkTransferAccountToCard -->
  <testcase name="checkShowListTransfersCardToCard" time="0.0" classname="com.autotesting.framework.suits.IBTransferTest">
    <skipped/>
  </testcase> <!-- checkShowListTransfersCardToCard -->
  <testcase name="checkShowListTransfersCardToAccount" time="0.0" classname="com.autotesting.framework.suits.IBTransferTest">
    <skipped/>
  </testcase> <!-- checkShowListTransfersCardToAccount -->
  <testcase name="checkShowListTransfersAccountToCard" time="0.0" classname="com.autotesting.framework.suits.IBTransferTest">
    <skipped/>
  </testcase> <!-- checkShowListTransfersAccountToCard -->
  <testcase name="SearchTransferCardToCard" time="0.0" classname="com.autotesting.framework.suits.IBTransferTest">
    <skipped/>
  </testcase> <!-- SearchTransferCardToCard -->
  <testcase name="SearchTransferCardToAccount" time="0.0" classname="com.autotesting.framework.suits.IBTransferTest">
    <skipped/>
  </testcase> <!-- SearchTransferCardToAccount -->
  <testcase name="SearchTransferAccountToCard" time="0.001" classname="com.autotesting.framework.suits.IBTransferTest">
    <skipped/>
  </testcase> <!-- SearchTransferAccountToCard -->
</testsuite> <!-- Test -->
